<?xml version="1.0" encoding="UTF-8"?>
<!-- Generated by org.testng.reporters.JUnitXMLReporter -->
<testsuite ignored="0" hostname="DESKTOP-C28O1GT" failures="0" tests="13" name="Test" time="123.619" errors="0" timestamp="06 Nov 2023 05:57:16 GMT">
  <testcase classname="com.tutorialninjademo_Tests.AddTocartTest" name="checkigOutValidProduct" time="32.057"/>
  <testcase classname="com.tutorialninjademo_Tests.Login_Test" name="verifyLoginWithValidCredentials" time="1.033"/>
  <testcase classname="com.tutorialninjademo_Tests.Register_Test" name="verifyingRegisterWithMandatoryFields" time="1.377"/>
  <testcase classname="com.tutorialninjademo_Tests.Search_Product" name="verifySearchWithValidProduct" time="0.664"/>
  <testcase classname="com.tutorialninjademo_Tests.Login_Test" name="verifyLoginWithInvalidCredentials" time="0.782"/>
  <testcase classname="com.tutorialninjademo_Tests.Register_Test" name="verifyingRegisterWithAllFields" time="3.442"/>
  <testcase classname="com.tutorialninjademo_Tests.Search_Product" name="verifySearchWithInvalidProduct" time="0.518"/>
  <testcase classname="com.tutorialninjademo_Tests.Login_Test" name="verifyLoginWithValidEmailInvalidPassword" time="0.739"/>
  <testcase classname="com.tutorialninjademo_Tests.Register_Test" name="verifyingRegisterWithExistingEmail" time="1.08"/>
  <testcase classname="com.tutorialninjademo_Tests.Search_Product" name="verifySearchWithNoProduct" time="0.479"/>
  <testcase classname="com.tutorialninjademo_Tests.Login_Test" name="verifyLoginWithInvalidEmailValidPassword" time="0.664"/>
  <testcase classname="com.tutorialninjademo_Tests.Register_Test" name="verifyingRegisterWithNoFields" time="0.577"/>
  <testcase classname="com.tutorialninjademo_Tests.Login_Test" name="verifyLoginWithNoCredentials" time="0.553"/>
</testsuite> <!-- Test -->
