<?xml version="1.0" encoding="UTF-8"?>
<!-- Generated by org.testng.reporters.JUnitXMLReporter -->
<testsuite ignored="0" hostname="DESKTOP-C28O1GT" failures="0" tests="13" name="Test" time="82.513" errors="0" timestamp="05 Nov 2023 05:51:38 GMT">
  <testcase classname="com.tutorialninjademo_Tests.AddTocartTest" name="checkigOutValidProduct" time="11.366"/>
  <testcase classname="com.tutorialninjademo_Tests.Login_Test" name="verifyLoginWithValidCredentials" time="1.254"/>
  <testcase classname="com.tutorialninjademo_Tests.Register_Test" name="verifyingRegisterWithMandatoryFields" time="1.336"/>
  <testcase classname="com.tutorialninjademo_Tests.Search_Product" name="verifySearchWithValidProduct" time="0.718"/>
  <testcase classname="com.tutorialninjademo_Tests.Login_Test" name="verifyLoginWithInvalidCredentials" time="0.669"/>
  <testcase classname="com.tutorialninjademo_Tests.Register_Test" name="verifyingRegisterWithAllFields" time="3.378"/>
  <testcase classname="com.tutorialninjademo_Tests.Search_Product" name="verifySearchWithInvalidProduct" time="0.504"/>
  <testcase classname="com.tutorialninjademo_Tests.Login_Test" name="verifyLoginWithValidEmailInvalidPassword" time="0.696"/>
  <testcase classname="com.tutorialninjademo_Tests.Register_Test" name="verifyingRegisterWithExistingEmail" time="0.973"/>
  <testcase classname="com.tutorialninjademo_Tests.Search_Product" name="verifySearchWithNoProduct" time="0.443"/>
  <testcase classname="com.tutorialninjademo_Tests.Login_Test" name="verifyLoginWithInvalidEmailValidPassword" time="0.659"/>
  <testcase classname="com.tutorialninjademo_Tests.Register_Test" name="verifyingRegisterWithNoFields" time="0.57"/>
  <testcase classname="com.tutorialninjademo_Tests.Login_Test" name="verifyLoginWithNoCredentials" time="0.541"/>
</testsuite> <!-- Test -->
