<?xml version="1.0" encoding="UTF-8"?>
<testng-results ignored="0" total="1" passed="1" failed="0" skipped="0">
  <reporter-output>
  </reporter-output>
  <suite started-at="2023-11-05T07:21:42Z" name="Default suite" finished-at="2023-11-05T07:22:19Z" duration-ms="37297">
    <groups>
    </groups>
    <test started-at="2023-11-05T07:21:42Z" name="Default test" finished-at="2023-11-05T07:22:19Z" duration-ms="37297">
      <class name="com.tutorialninjademo_Tests.AddTocartTest">
        <test-method is-config="true" signature="Setup()[pri:0, instance:com.tutorialninjademo_Tests.AddTocartTest@2a693f59]" started-at="2023-11-05T00:21:42Z" name="Setup" finished-at="2023-11-05T00:21:47Z" duration-ms="4954" status="PASS">
          <reporter-output>
          </reporter-output>
        </test-method> <!-- Setup -->
        <test-method signature="checkigOutValidProduct()[pri:0, instance:com.tutorialninjademo_Tests.AddTocartTest@2a693f59]" started-at="2023-11-05T00:21:47Z" name="checkigOutValidProduct" finished-at="2023-11-05T00:22:19Z" duration-ms="32327" status="PASS">
          <reporter-output>
          </reporter-output>
        </test-method> <!-- checkigOutValidProduct -->
        <test-method is-config="true" signature="teardown()[pri:0, instance:com.tutorialninjademo_Tests.AddTocartTest@2a693f59]" started-at="2023-11-05T00:22:19Z" name="teardown" finished-at="2023-11-05T00:22:19Z" duration-ms="0" status="PASS">
          <reporter-output>
          </reporter-output>
        </test-method> <!-- teardown -->
      </class> <!-- com.tutorialninjademo_Tests.AddTocartTest -->
    </test> <!-- Default test -->
  </suite> <!-- Default suite -->
</testng-results>
